<?xml version="1.0" encoding="UTF-8"?>
<testsuite xmlns:xsi="http://www.w3.org/2001/XMLSchema-instance" xsi:noNamespaceSchemaLocation="https://maven.apache.org/surefire/maven-surefire-plugin/xsd/surefire-test-report.xsd" name="TestSuite" time="2.084" tests="4" errors="0" skipped="0" failures="0">
  <properties>
[...]
</properties>
  <testcase name="runScenario" classname="Runner" time="0.838"/>
  <testcase name="runScenario" classname="Runner" time="0.922"/>
  <testcase name="runScenario" classname="Runner" time="1.009"/>
  <testcase name="runScenario" classname="Runner" time="1.06"/>
</testsuite>