<?xml version="1.0" encoding="UTF-8"?>
<testng-results skipped="0" failed="0" total="4" passed="4">
  <reporter-output>
  </reporter-output>
  <suite name="All Test Suite" duration-ms="1428" started-at="2020-05-13T07:23:32Z" finished-at="2020-05-13T07:23:33Z">
    <groups>
      <group name="cucumber">
        <method signature="AbstractTestNGCucumberTests.runScenario(io.cucumber.testng.PickleWrapper, io.cucumber.testng.FeatureWrapper)[pri:0, instance:Runner@7c0e2abd]" name="runScenario" class="io.cucumber.testng.AbstractTestNGCucumberTests"/>
      </group> <!-- cucumber -->
    </groups>
    <test name="cucumber" duration-ms="1428" started-at="2020-05-13T07:23:32Z" finished-at="2020-05-13T07:23:33Z">
      <class name="Runner">
        <test-method status="PASS" signature="beforeTest()[pri:0, instance:Runner@7c0e2abd]" name="beforeTest" is-config="true" duration-ms="16" started-at="2020-05-13T12:53:32Z" finished-at="2020-05-13T12:53:32Z">
          <reporter-output>
          </reporter-output>
        </test-method> <!-- beforeTest -->
        <test-method status="PASS" signature="setUpClass()[pri:0, instance:Runner@7c0e2abd]" name="setUpClass" is-config="true" duration-ms="334" started-at="2020-05-13T12:53:32Z" finished-at="2020-05-13T12:53:32Z">
          <reporter-output>
          </reporter-output>
        </test-method> <!-- setUpClass -->
        <test-method status="PASS" signature="runScenario(io.cucumber.testng.PickleWrapper, io.cucumber.testng.FeatureWrapper)[pri:0, instance:Runner@7c0e2abd]" name="runScenario" duration-ms="835" started-at="2020-05-13T12:53:32Z" description="Runs Cucumber Scenarios" data-provider="scenarios" finished-at="2020-05-13T12:53:33Z">
          <params>
            <param index="0">
              <value>
                <![CDATA["scenario 3"]]>
              </value>
            </param>
            <param index="1">
              <value>
                <![CDATA["Test feature"]]>
              </value>
            </param>
          </params>
          <reporter-output>
          </reporter-output>
        </test-method> <!-- runScenario -->
        <test-method status="PASS" signature="runScenario(io.cucumber.testng.PickleWrapper, io.cucumber.testng.FeatureWrapper)[pri:0, instance:Runner@7c0e2abd]" name="runScenario" duration-ms="918" started-at="2020-05-13T12:53:32Z" description="Runs Cucumber Scenarios" data-provider="scenarios" finished-at="2020-05-13T12:53:33Z">
          <params>
            <param index="0">
              <value>
                <![CDATA["Scenario 1"]]>
              </value>
            </param>
            <param index="1">
              <value>
                <![CDATA["Test feature"]]>
              </value>
            </param>
          </params>
          <reporter-output>
          </reporter-output>
        </test-method> <!-- runScenario -->
        <test-method status="PASS" signature="runScenario(io.cucumber.testng.PickleWrapper, io.cucumber.testng.FeatureWrapper)[pri:0, instance:Runner@7c0e2abd]" name="runScenario" duration-ms="996" started-at="2020-05-13T12:53:32Z" description="Runs Cucumber Scenarios" data-provider="scenarios" finished-at="2020-05-13T12:53:33Z">
          <params>
            <param index="0">
              <value>
                <![CDATA["Scenario 2"]]>
              </value>
            </param>
            <param index="1">
              <value>
                <![CDATA["Test feature"]]>
              </value>
            </param>
          </params>
          <reporter-output>
          </reporter-output>
        </test-method> <!-- runScenario -->
        <test-method status="PASS" signature="runScenario(io.cucumber.testng.PickleWrapper, io.cucumber.testng.FeatureWrapper)[pri:0, instance:Runner@7c0e2abd]" name="runScenario" duration-ms="1060" started-at="2020-05-13T12:53:32Z" description="Runs Cucumber Scenarios" data-provider="scenarios" finished-at="2020-05-13T12:53:33Z">
          <params>
            <param index="0">
              <value>
                <![CDATA["scenario 3"]]>
              </value>
            </param>
            <param index="1">
              <value>
                <![CDATA["Test feature"]]>
              </value>
            </param>
          </params>
          <reporter-output>
          </reporter-output>
        </test-method> <!-- runScenario -->
        <test-method status="PASS" signature="tearDownClass()[pri:0, instance:Runner@7c0e2abd]" name="tearDownClass" is-config="true" duration-ms="1" started-at="2020-05-13T12:53:33Z" finished-at="2020-05-13T12:53:33Z">
          <reporter-output>
          </reporter-output>
        </test-method> <!-- tearDownClass -->
        <test-method status="PASS" signature="afterTest()[pri:0, instance:Runner@7c0e2abd]" name="afterTest" is-config="true" duration-ms="0" started-at="2020-05-13T12:53:33Z" finished-at="2020-05-13T12:53:33Z">
          <reporter-output>
          </reporter-output>
        </test-method> <!-- afterTest -->
      </class> <!-- Runner -->
    </test> <!-- cucumber -->
  </suite> <!-- All Test Suite -->
</testng-results>
