<?xml version="1.0" encoding="UTF-8"?>
<!-- Generated by org.testng.reporters.JUnitXMLReporter -->
<testsuite hostname="KSRINIVASAN-HP" name="cucumber" tests="4" failures="0" timestamp="13 May 2020 07:23:33 GMT" time="1.428" errors="0">
  <testcase name="runScenario" time="0.835" classname="Runner"/>
  <testcase name="runScenario" time="0.918" classname="Runner"/>
  <testcase name="runScenario" time="0.996" classname="Runner"/>
  <testcase name="runScenario" time="1.06" classname="Runner"/>
</testsuite> <!-- cucumber -->
